<?xml version="1.0" encoding="UTF-8"?>
<!-- Generated by org.testng.reporters.JUnitReportReporter -->
<testsuite hostname="DESKTOP-SMUNBN4" failures="0" tests="1" name="testCases.DemoCase" time="2.972" errors="0" timestamp="2024-12-16T23:51:03 IST" skipped="0">
  <testcase classname="testCases.DemoCase" name="demoRegis" time="2.972"/>
</testsuite> <!-- testCases.DemoCase -->
