<?xml version="1.0" encoding="UTF-8"?>
<!-- Generated by org.testng.reporters.JUnitReportReporter -->
<testsuite hostname="DESKTOP-SMUNBN4" failures="0" tests="2" name="testCases.TC_002_LoginTest" time="10.526" errors="0" timestamp="2024-12-22T17:57:32 IST" skipped="0">
  <testcase classname="testCases.TC_002_LoginTest" name="verify_Login" time="4.812"/>
  <testcase classname="testCases.TC_002_LoginTest" name="verify_Login" time="5.714"/>
</testsuite> <!-- testCases.TC_002_LoginTest -->
