<?xml version="1.0" encoding="UTF-8"?>
<!-- Generated by org.testng.reporters.JUnitReportReporter -->
<testsuite hostname="DESKTOP-SMUNBN4" failures="0" tests="1" name="testCases.TC_001_AxountRegistrationTest" time="7.321" errors="0" timestamp="2024-12-17T00:27:14 IST" skipped="0">
  <testcase classname="testCases.TC_001_AxountRegistrationTest" name="verify_Account_Registrsation" time="7.321"/>
</testsuite> <!-- testCases.TC_001_AxountRegistrationTest -->
